::1 - - [05/Dec/2025:11:32:45 +0000] "GET /api/v1/games HTTP/1.1" 500 80 "-" "PostmanRuntime/7.49.1"
::1 - - [05/Dec/2025:11:32:59 +0000] "POST /api/v1/games HTTP/1.1" 401 85 "-" "PostmanRuntime/7.49.1"
::1 - - [05/Dec/2025:11:34:06 +0000] "GET /api/v1/games HTTP/1.1" 500 80 "-" "PostmanRuntime/7.49.1"
::1 - - [05/Dec/2025:11:34:41 +0000] "POST /api/v1/games HTTP/1.1" 401 294 "-" "PostmanRuntime/7.49.1"
::1 - - [05/Dec/2025:11:35:10 +0000] "POST /api/v1/games HTTP/1.1" 401 294 "-" "PostmanRuntime/7.49.1"
::1 - - [05/Dec/2025:11:35:38 +0000] "POST /api/v1/games HTTP/1.1" 403 77 "-" "PostmanRuntime/7.49.1"
::1 - - [05/Dec/2025:11:59:56 +0000] "GET /api/v1/games HTTP/1.1" 500 80 "-" "PostmanRuntime/7.49.1"
::1 - - [05/Dec/2025:12:00:49 +0000] "GET /api/v1/games HTTP/1.1" 500 80 "-" "PostmanRuntime/7.49.1"
::1 - - [05/Dec/2025:13:01:34 +0000] "POST /api/v1/games HTTP/1.1" 403 77 "-" "PostmanRuntime/7.49.1"
::1 - - [06/Dec/2025:03:36:28 +0000] "POST /api/v1/games HTTP/1.1" 403 77 "-" "PostmanRuntime/7.49.1"
::1 - - [06/Dec/2025:03:38:10 +0000] "POST /api/v1/admin/setCustomClaims HTTP/1.1" 500 80 "-" "PostmanRuntime/7.49.1"
::1 - - [06/Dec/2025:03:39:45 +0000] "POST /api/v1/games HTTP/1.1" 403 77 "-" "PostmanRuntime/7.49.1"
::1 - - [06/Dec/2025:03:43:04 +0000] "DELETE /api/v1/games/MGCyB7etvGdfkwllmeTH HTTP/1.1" 400 46 "-" "PostmanRuntime/7.49.1"
::1 - - [06/Dec/2025:03:43:33 +0000] "DELETE /api/v1/games/MGCyB7etvGdfkwllmeTH HTTP/1.1" 400 46 "-" "PostmanRuntime/7.49.1"
::1 - - [06/Dec/2025:03:43:46 +0000] "DELETE /api/v1/games/MGCyB7etvGdfkwllmeTH HTTP/1.1" 400 46 "-" "PostmanRuntime/7.49.1"
::1 - - [06/Dec/2025:04:00:09 +0000] "POST /api/v1/games HTTP/1.1" 400 124 "-" "PostmanRuntime/7.49.1"
::1 - - [06/Dec/2025:04:00:18 +0000] "POST /api/v1/match HTTP/1.1" 404 152 "-" "PostmanRuntime/7.49.1"
::1 - - [06/Dec/2025:04:01:14 +0000] "DELETE /api/v1/matches/rJf1IpQVwYiUwHVXSxS5 HTTP/1.1" 400 46 "-" "PostmanRuntime/7.49.1"
::1 - - [06/Dec/2025:04:02:52 +0000] "GET /api/v1/matches/QOqESjRPzQPHVFZSUg0x4lDiyhW2 HTTP/1.1" 400 46 "-" "PostmanRuntime/7.49.1"
::1 - - [06/Dec/2025:04:03:51 +0000] "GET /api/v1/matches/QOqESjRPzQPHVFZSUg0x4lDiyhW2 HTTP/1.1" 400 46 "-" "PostmanRuntime/7.49.1"
::1 - - [06/Dec/2025:04:04:26 +0000] "GET /api/v1/matches/QOqESjRPzQPHVFZSUg0x4lDiyhW2 HTTP/1.1" 400 46 "-" "PostmanRuntime/7.49.1"
::1 - - [06/Dec/2025:04:09:25 +0000] "GET /api/v1/matches/QOqESjRPzQPHVFZSUg0x4lDiyhW2 HTTP/1.1" 400 46 "-" "PostmanRuntime/7.49.1"
::1 - - [06/Dec/2025:04:54:00 +0000] "GET /api/v1/matches/QOqESjRPzQPHVFZSUg0x4lDiyhW2 HTTP/1.1" 400 46 "-" "PostmanRuntime/7.49.1"
::1 - - [06/Dec/2025:04:54:19 +0000] "GET /api/v1/matches/QOqESjRPzQPHVFZSUg0x4lDiyhW2 HTTP/1.1" 400 46 "-" "PostmanRuntime/7.49.1"
